This file contains any messages produced by compilers while
running configure, to aid debugging if configure makes a mistake.

It was created by configure, which was
generated by GNU Autoconf 2.59.  Invocation command line was

  $ ./configure --enable-mysql

## --------- ##
## Platform. ##
## --------- ##

hostname = groutbox-lnx
uname -m = x86_64
uname -r = 3.5.0-41-generic
uname -s = Linux
uname -v = #64-Ubuntu SMP Wed Sep 11 15:36:42 UTC 2013

/usr/bin/uname -p = unknown
/bin/uname -X     = unknown

/bin/arch              = unknown
/usr/bin/arch -k       = unknown
/usr/convex/getsysinfo = unknown
hostinfo               = unknown
/bin/machine           = unknown
/usr/bin/oslevel       = unknown
/bin/universe          = unknown

PATH: /usr/lib/lightdm/lightdm
PATH: /usr/local/sbin
PATH: /usr/local/bin
PATH: /usr/sbin
PATH: /usr/bin
PATH: /sbin
PATH: /bin
PATH: /usr/games
PATH: /usr/local/games
PATH: /usr/lib/jvm/java-7-oracle/bin
PATH: /usr/lib/jvm/java-7-oracle/db/bin
PATH: /usr/lib/jvm/java-7-oracle/jre/bin


## ----------- ##
## Core tests. ##
## ----------- ##

configure:1354: checking for a BSD-compatible install
configure:1409: result: /usr/bin/install -c
configure:1420: checking whether build environment is sane
configure:1463: result: yes
configure:1478: checking whether make sets $(MAKE)
configure:1498: result: yes
configure:1530: checking for working aclocal-1.4
configure:1541: result: missing
configure:1545: checking for working autoconf
configure:1556: result: missing
configure:1560: checking for working automake-1.4
configure:1571: result: missing
configure:1575: checking for working autoheader
configure:1586: result: missing
configure:1590: checking for working makeinfo
configure:1601: result: missing
configure:1654: checking for gcc
configure:1670: found /usr/bin/gcc
configure:1680: result: gcc
configure:1924: checking for C compiler version
configure:1927: gcc --version </dev/null >&5
gcc (Ubuntu/Linaro 4.7.2-2ubuntu1) 4.7.2
Copyright (C) 2012 Free Software Foundation, Inc.
This is free software; see the source for copying conditions.  There is NO
warranty; not even for MERCHANTABILITY or FITNESS FOR A PARTICULAR PURPOSE.

configure:1930: $? = 0
configure:1932: gcc -v </dev/null >&5
Using built-in specs.
COLLECT_GCC=gcc
COLLECT_LTO_WRAPPER=/usr/lib/gcc/x86_64-linux-gnu/4.7/lto-wrapper
Target: x86_64-linux-gnu
Configured with: ../src/configure -v --with-pkgversion='Ubuntu/Linaro 4.7.2-2ubuntu1' --with-bugurl=file:///usr/share/doc/gcc-4.7/README.Bugs --enable-languages=c,c++,go,fortran,objc,obj-c++ --prefix=/usr --program-suffix=-4.7 --enable-shared --enable-linker-build-id --with-system-zlib --libexecdir=/usr/lib --without-included-gettext --enable-threads=posix --with-gxx-include-dir=/usr/include/c++/4.7 --libdir=/usr/lib --enable-nls --with-sysroot=/ --enable-clocale=gnu --enable-libstdcxx-debug --enable-libstdcxx-time=yes --enable-gnu-unique-object --enable-plugin --enable-objc-gc --disable-werror --with-arch-32=i686 --with-tune=generic --enable-checking=release --build=x86_64-linux-gnu --host=x86_64-linux-gnu --target=x86_64-linux-gnu
Thread model: posix
gcc version 4.7.2 (Ubuntu/Linaro 4.7.2-2ubuntu1) 
configure:1935: $? = 0
configure:1937: gcc -V </dev/null >&5
gcc: error: unrecognized command line option '-V'
gcc: fatal error: no input files
compilation terminated.
configure:1940: $? = 4
configure:1963: checking for C compiler default output file name
configure:1966: gcc    conftest.c  >&5
configure:1969: $? = 0
configure:2015: result: a.out
configure:2020: checking whether the C compiler works
configure:2026: ./a.out
configure:2029: $? = 0
configure:2046: result: yes
configure:2053: checking whether we are cross compiling
configure:2055: result: no
configure:2058: checking for suffix of executables
configure:2060: gcc -o conftest    conftest.c  >&5
configure:2063: $? = 0
configure:2088: result: 
configure:2094: checking for suffix of object files
configure:2115: gcc -c   conftest.c >&5
configure:2118: $? = 0
configure:2140: result: o
configure:2144: checking whether we are using the GNU C compiler
configure:2168: gcc -c   conftest.c >&5
configure:2174: $? = 0
configure:2177: test -z 			 || test ! -s conftest.err
configure:2180: $? = 0
configure:2183: test -s conftest.o
configure:2186: $? = 0
configure:2199: result: yes
configure:2205: checking whether gcc accepts -g
configure:2226: gcc -c -g  conftest.c >&5
configure:2232: $? = 0
configure:2235: test -z 			 || test ! -s conftest.err
configure:2238: $? = 0
configure:2241: test -s conftest.o
configure:2244: $? = 0
configure:2255: result: yes
configure:2272: checking for gcc option to accept ANSI C
configure:2342: gcc  -c -g -O2  conftest.c >&5
configure:2348: $? = 0
configure:2351: test -z 			 || test ! -s conftest.err
configure:2354: $? = 0
configure:2357: test -s conftest.o
configure:2360: $? = 0
configure:2378: result: none needed
configure:2396: gcc -c -g -O2  conftest.c >&5
conftest.c:2:3: error: unknown type name 'choke'
conftest.c:2:3: error: expected '=', ',', ';', 'asm' or '__attribute__' at end of input
configure:2402: $? = 1
configure: failed program was:
| #ifndef __cplusplus
|   choke me
| #endif
configure:2545: checking for a BSD-compatible install
configure:2600: result: /usr/bin/install -c
configure:2618: checking how to run the C preprocessor
configure:2653: gcc -E  conftest.c
configure:2659: $? = 0
configure:2691: gcc -E  conftest.c
conftest.c:11:28: fatal error: ac_nonexistent.h: No such file or directory
compilation terminated.
configure:2697: $? = 1
configure: failed program was:
| /* confdefs.h.  */
| 
| #define PACKAGE_NAME ""
| #define PACKAGE_TARNAME ""
| #define PACKAGE_VERSION ""
| #define PACKAGE_STRING ""
| #define PACKAGE_BUGREPORT ""
| #define PACKAGE "sldog"
| #define VERSION "0.8.4"
| /* end confdefs.h.  */
| #include <ac_nonexistent.h>
configure:2736: result: gcc -E
configure:2760: gcc -E  conftest.c
configure:2766: $? = 0
configure:2798: gcc -E  conftest.c
conftest.c:11:28: fatal error: ac_nonexistent.h: No such file or directory
compilation terminated.
configure:2804: $? = 1
configure: failed program was:
| /* confdefs.h.  */
| 
| #define PACKAGE_NAME ""
| #define PACKAGE_TARNAME ""
| #define PACKAGE_VERSION ""
| #define PACKAGE_STRING ""
| #define PACKAGE_BUGREPORT ""
| #define PACKAGE "sldog"
| #define VERSION "0.8.4"
| /* end confdefs.h.  */
| #include <ac_nonexistent.h>
configure:2848: checking for egrep
configure:2858: result: grep -E
configure:2863: checking for ANSI C header files
configure:2888: gcc -c -g -O2  conftest.c >&5
configure:2894: $? = 0
configure:2897: test -z 			 || test ! -s conftest.err
configure:2900: $? = 0
configure:2903: test -s conftest.o
configure:2906: $? = 0
configure:2995: gcc -o conftest -g -O2   conftest.c  >&5
conftest.c: In function 'main':
conftest.c:28:7: warning: incompatible implicit declaration of built-in function 'exit' [enabled by default]
configure:2998: $? = 0
configure:3000: ./conftest
configure:3003: $? = 0
configure:3018: result: yes
configure:3042: checking for sys/types.h
configure:3058: gcc -c -g -O2  conftest.c >&5
configure:3064: $? = 0
configure:3067: test -z 			 || test ! -s conftest.err
configure:3070: $? = 0
configure:3073: test -s conftest.o
configure:3076: $? = 0
configure:3087: result: yes
configure:3042: checking for sys/stat.h
configure:3058: gcc -c -g -O2  conftest.c >&5
configure:3064: $? = 0
configure:3067: test -z 			 || test ! -s conftest.err
configure:3070: $? = 0
configure:3073: test -s conftest.o
configure:3076: $? = 0
configure:3087: result: yes
configure:3042: checking for stdlib.h
configure:3058: gcc -c -g -O2  conftest.c >&5
configure:3064: $? = 0
configure:3067: test -z 			 || test ! -s conftest.err
configure:3070: $? = 0
configure:3073: test -s conftest.o
configure:3076: $? = 0
configure:3087: result: yes
configure:3042: checking for string.h
configure:3058: gcc -c -g -O2  conftest.c >&5
configure:3064: $? = 0
configure:3067: test -z 			 || test ! -s conftest.err
configure:3070: $? = 0
configure:3073: test -s conftest.o
configure:3076: $? = 0
configure:3087: result: yes
configure:3042: checking for memory.h
configure:3058: gcc -c -g -O2  conftest.c >&5
configure:3064: $? = 0
configure:3067: test -z 			 || test ! -s conftest.err
configure:3070: $? = 0
configure:3073: test -s conftest.o
configure:3076: $? = 0
configure:3087: result: yes
configure:3042: checking for strings.h
configure:3058: gcc -c -g -O2  conftest.c >&5
configure:3064: $? = 0
configure:3067: test -z 			 || test ! -s conftest.err
configure:3070: $? = 0
configure:3073: test -s conftest.o
configure:3076: $? = 0
configure:3087: result: yes
configure:3042: checking for inttypes.h
configure:3058: gcc -c -g -O2  conftest.c >&5
configure:3064: $? = 0
configure:3067: test -z 			 || test ! -s conftest.err
configure:3070: $? = 0
configure:3073: test -s conftest.o
configure:3076: $? = 0
configure:3087: result: yes
configure:3042: checking for stdint.h
configure:3058: gcc -c -g -O2  conftest.c >&5
configure:3064: $? = 0
configure:3067: test -z 			 || test ! -s conftest.err
configure:3070: $? = 0
configure:3073: test -s conftest.o
configure:3076: $? = 0
configure:3087: result: yes
configure:3042: checking for unistd.h
configure:3058: gcc -c -g -O2  conftest.c >&5
configure:3064: $? = 0
configure:3067: test -z 			 || test ! -s conftest.err
configure:3070: $? = 0
configure:3073: test -s conftest.o
configure:3076: $? = 0
configure:3087: result: yes
configure:3110: checking for string.h
configure:3115: result: yes
configure:3119: checking sys/user.h usability
configure:3131: gcc -c -g -O2  conftest.c >&5
configure:3137: $? = 0
configure:3140: test -z 			 || test ! -s conftest.err
configure:3143: $? = 0
configure:3146: test -s conftest.o
configure:3149: $? = 0
configure:3159: result: yes
configure:3163: checking sys/user.h presence
configure:3173: gcc -E  conftest.c
configure:3179: $? = 0
configure:3199: result: yes
configure:3234: checking for sys/user.h
configure:3241: result: yes
configure:3110: checking for sys/types.h
configure:3115: result: yes
configure:3119: checking sys/ptrace.h usability
configure:3131: gcc -c -g -O2  conftest.c >&5
configure:3137: $? = 0
configure:3140: test -z 			 || test ! -s conftest.err
configure:3143: $? = 0
configure:3146: test -s conftest.o
configure:3149: $? = 0
configure:3159: result: yes
configure:3163: checking sys/ptrace.h presence
configure:3173: gcc -E  conftest.c
configure:3179: $? = 0
configure:3199: result: yes
configure:3234: checking for sys/ptrace.h
configure:3241: result: yes
configure:3119: checking sys/syslog.h usability
configure:3131: gcc -c -g -O2  conftest.c >&5
configure:3137: $? = 0
configure:3140: test -z 			 || test ! -s conftest.err
configure:3143: $? = 0
configure:3146: test -s conftest.o
configure:3149: $? = 0
configure:3159: result: yes
configure:3163: checking sys/syslog.h presence
configure:3173: gcc -E  conftest.c
configure:3179: $? = 0
configure:3199: result: yes
configure:3234: checking for sys/syslog.h
configure:3241: result: yes
configure:3119: checking time.h usability
configure:3131: gcc -c -g -O2  conftest.c >&5
configure:3137: $? = 0
configure:3140: test -z 			 || test ! -s conftest.err
configure:3143: $? = 0
configure:3146: test -s conftest.o
configure:3149: $? = 0
configure:3159: result: yes
configure:3163: checking time.h presence
configure:3173: gcc -E  conftest.c
configure:3179: $? = 0
configure:3199: result: yes
configure:3234: checking for time.h
configure:3241: result: yes
configure:3119: checking pthread.h usability
configure:3131: gcc -c -g -O2  conftest.c >&5
configure:3137: $? = 0
configure:3140: test -z 			 || test ! -s conftest.err
configure:3143: $? = 0
configure:3146: test -s conftest.o
configure:3149: $? = 0
configure:3159: result: yes
configure:3163: checking pthread.h presence
configure:3173: gcc -E  conftest.c
configure:3179: $? = 0
configure:3199: result: yes
configure:3234: checking for pthread.h
configure:3241: result: yes
configure:3255: checking for an ANSI C-conforming const
configure:3322: gcc -c -g -O2  conftest.c >&5
configure:3328: $? = 0
configure:3331: test -z 			 || test ! -s conftest.err
configure:3334: $? = 0
configure:3337: test -s conftest.o
configure:3340: $? = 0
configure:3351: result: yes
configure:3361: checking for pid_t
configure:3385: gcc -c -g -O2  conftest.c >&5
configure:3391: $? = 0
configure:3394: test -z 			 || test ! -s conftest.err
configure:3397: $? = 0
configure:3400: test -s conftest.o
configure:3403: $? = 0
configure:3414: result: yes
configure:3426: checking for size_t
configure:3450: gcc -c -g -O2  conftest.c >&5
configure:3456: $? = 0
configure:3459: test -z 			 || test ! -s conftest.err
configure:3462: $? = 0
configure:3465: test -s conftest.o
configure:3468: $? = 0
configure:3479: result: yes
configure:3496: checking for vprintf
configure:3553: gcc -o conftest -g -O2   conftest.c  >&5
conftest.c:52:6: warning: conflicting types for built-in function 'vprintf' [enabled by default]
configure:3559: $? = 0
configure:3562: test -z 			 || test ! -s conftest.err
configure:3565: $? = 0
configure:3568: test -s conftest
configure:3571: $? = 0
configure:3583: result: yes
configure:3590: checking for _doprnt
configure:3647: gcc -o conftest -g -O2   conftest.c  >&5
/tmp/ccOq7uqO.o:(.data+0x0): undefined reference to `_doprnt'
/tmp/ccOq7uqO.o: In function `main':
/home/sarbaj/dev/sysdog-Jun-1-09/conftest.c:69: undefined reference to `_doprnt'
collect2: error: ld returned 1 exit status
configure:3653: $? = 1
configure: failed program was:
| /* confdefs.h.  */
| 
| #define PACKAGE_NAME ""
| #define PACKAGE_TARNAME ""
| #define PACKAGE_VERSION ""
| #define PACKAGE_STRING ""
| #define PACKAGE_BUGREPORT ""
| #define PACKAGE "sldog"
| #define VERSION "0.8.4"
| #define STDC_HEADERS 1
| #define HAVE_SYS_TYPES_H 1
| #define HAVE_SYS_STAT_H 1
| #define HAVE_STDLIB_H 1
| #define HAVE_STRING_H 1
| #define HAVE_MEMORY_H 1
| #define HAVE_STRINGS_H 1
| #define HAVE_INTTYPES_H 1
| #define HAVE_STDINT_H 1
| #define HAVE_UNISTD_H 1
| #define HAVE_STRING_H 1
| #define HAVE_SYS_USER_H 1
| #define HAVE_SYS_TYPES_H 1
| #define HAVE_SYS_PTRACE_H 1
| #define HAVE_SYS_SYSLOG_H 1
| #define HAVE_TIME_H 1
| #define HAVE_PTHREAD_H 1
| #define HAVE_VPRINTF 1
| /* end confdefs.h.  */
| /* Define _doprnt to an innocuous variant, in case <limits.h> declares _doprnt.
|    For example, HP-UX 11i <limits.h> declares gettimeofday.  */
| #define _doprnt innocuous__doprnt
| 
| /* System header to define __stub macros and hopefully few prototypes,
|     which can conflict with char _doprnt (); below.
|     Prefer <limits.h> to <assert.h> if __STDC__ is defined, since
|     <limits.h> exists even on freestanding compilers.  */
| 
| #ifdef __STDC__
| # include <limits.h>
| #else
| # include <assert.h>
| #endif
| 
| #undef _doprnt
| 
| /* Override any gcc2 internal prototype to avoid an error.  */
| #ifdef __cplusplus
| extern "C"
| {
| #endif
| /* We use char because int might match the return type of a gcc2
|    builtin and then its argument prototype would still apply.  */
| char _doprnt ();
| /* The GNU C library defines this for functions which it implements
|     to always fail with ENOSYS.  Some functions are actually named
|     something starting with __ and the normal name is an alias.  */
| #if defined (__stub__doprnt) || defined (__stub____doprnt)
| choke me
| #else
| char (*f) () = _doprnt;
| #endif
| #ifdef __cplusplus
| }
| #endif
| 
| int
| main ()
| {
| return f != _doprnt;
|   ;
|   return 0;
| }
configure:3677: result: no
configure:3695: checking for strtoul
configure:3752: gcc -o conftest -g -O2   conftest.c  >&5
configure:3758: $? = 0
configure:3761: test -z 			 || test ! -s conftest.err
configure:3764: $? = 0
configure:3767: test -s conftest
configure:3770: $? = 0
configure:3782: result: yes
configure:3793: checking for pthread_create in -lpthread
configure:3823: gcc -o conftest -g -O2   conftest.c -lpthread   >&5
configure:3829: $? = 0
configure:3832: test -z 			 || test ! -s conftest.err
configure:3835: $? = 0
configure:3838: test -s conftest
configure:3841: $? = 0
configure:3854: result: yes
configure:3967: checking mysql/mysql.h usability
configure:3979: gcc -c -g -O2  conftest.c >&5
conftest.c:66:25: fatal error: mysql/mysql.h: No such file or directory
compilation terminated.
configure:3985: $? = 1
configure: failed program was:
| /* confdefs.h.  */
| 
| #define PACKAGE_NAME ""
| #define PACKAGE_TARNAME ""
| #define PACKAGE_VERSION ""
| #define PACKAGE_STRING ""
| #define PACKAGE_BUGREPORT ""
| #define PACKAGE "sldog"
| #define VERSION "0.8.4"
| #define STDC_HEADERS 1
| #define HAVE_SYS_TYPES_H 1
| #define HAVE_SYS_STAT_H 1
| #define HAVE_STDLIB_H 1
| #define HAVE_STRING_H 1
| #define HAVE_MEMORY_H 1
| #define HAVE_STRINGS_H 1
| #define HAVE_INTTYPES_H 1
| #define HAVE_STDINT_H 1
| #define HAVE_UNISTD_H 1
| #define HAVE_STRING_H 1
| #define HAVE_SYS_USER_H 1
| #define HAVE_SYS_TYPES_H 1
| #define HAVE_SYS_PTRACE_H 1
| #define HAVE_SYS_SYSLOG_H 1
| #define HAVE_TIME_H 1
| #define HAVE_PTHREAD_H 1
| #define HAVE_VPRINTF 1
| #define HAVE_STRTOUL 1
| #define HAVE_LIBPTHREAD 1
| #define _STORAGE_MYSQL 1
| /* end confdefs.h.  */
| #include <stdio.h>
| #if HAVE_SYS_TYPES_H
| # include <sys/types.h>
| #endif
| #if HAVE_SYS_STAT_H
| # include <sys/stat.h>
| #endif
| #if STDC_HEADERS
| # include <stdlib.h>
| # include <stddef.h>
| #else
| # if HAVE_STDLIB_H
| #  include <stdlib.h>
| # endif
| #endif
| #if HAVE_STRING_H
| # if !STDC_HEADERS && HAVE_MEMORY_H
| #  include <memory.h>
| # endif
| # include <string.h>
| #endif
| #if HAVE_STRINGS_H
| # include <strings.h>
| #endif
| #if HAVE_INTTYPES_H
| # include <inttypes.h>
| #else
| # if HAVE_STDINT_H
| #  include <stdint.h>
| # endif
| #endif
| #if HAVE_UNISTD_H
| # include <unistd.h>
| #endif
| #include <mysql/mysql.h>
configure:4007: result: no
configure:4011: checking mysql/mysql.h presence
configure:4021: gcc -E  conftest.c
conftest.c:32:25: fatal error: mysql/mysql.h: No such file or directory
compilation terminated.
configure:4027: $? = 1
configure: failed program was:
| /* confdefs.h.  */
| 
| #define PACKAGE_NAME ""
| #define PACKAGE_TARNAME ""
| #define PACKAGE_VERSION ""
| #define PACKAGE_STRING ""
| #define PACKAGE_BUGREPORT ""
| #define PACKAGE "sldog"
| #define VERSION "0.8.4"
| #define STDC_HEADERS 1
| #define HAVE_SYS_TYPES_H 1
| #define HAVE_SYS_STAT_H 1
| #define HAVE_STDLIB_H 1
| #define HAVE_STRING_H 1
| #define HAVE_MEMORY_H 1
| #define HAVE_STRINGS_H 1
| #define HAVE_INTTYPES_H 1
| #define HAVE_STDINT_H 1
| #define HAVE_UNISTD_H 1
| #define HAVE_STRING_H 1
| #define HAVE_SYS_USER_H 1
| #define HAVE_SYS_TYPES_H 1
| #define HAVE_SYS_PTRACE_H 1
| #define HAVE_SYS_SYSLOG_H 1
| #define HAVE_TIME_H 1
| #define HAVE_PTHREAD_H 1
| #define HAVE_VPRINTF 1
| #define HAVE_STRTOUL 1
| #define HAVE_LIBPTHREAD 1
| #define _STORAGE_MYSQL 1
| /* end confdefs.h.  */
| #include <mysql/mysql.h>
configure:4047: result: no
configure:4082: checking for mysql/mysql.h
configure:4089: result: no
configure:4106: checking for mysql_config
configure:4140: result: no

## ---------------- ##
## Cache variables. ##
## ---------------- ##

ac_cv_c_compiler_gnu=yes
ac_cv_c_const=yes
ac_cv_env_CC_set=
ac_cv_env_CC_value=
ac_cv_env_CFLAGS_set=
ac_cv_env_CFLAGS_value=
ac_cv_env_CPPFLAGS_set=
ac_cv_env_CPPFLAGS_value=
ac_cv_env_CPP_set=
ac_cv_env_CPP_value=
ac_cv_env_LDFLAGS_set=
ac_cv_env_LDFLAGS_value=
ac_cv_env_build_alias_set=
ac_cv_env_build_alias_value=
ac_cv_env_host_alias_set=
ac_cv_env_host_alias_value=
ac_cv_env_target_alias_set=
ac_cv_env_target_alias_value=
ac_cv_exeext=
ac_cv_func__doprnt=no
ac_cv_func_strtoul=yes
ac_cv_func_vprintf=yes
ac_cv_header_inttypes_h=yes
ac_cv_header_memory_h=yes
ac_cv_header_mysql_mysql_h=no
ac_cv_header_pthread_h=yes
ac_cv_header_stdc=yes
ac_cv_header_stdint_h=yes
ac_cv_header_stdlib_h=yes
ac_cv_header_string_h=yes
ac_cv_header_strings_h=yes
ac_cv_header_sys_ptrace_h=yes
ac_cv_header_sys_stat_h=yes
ac_cv_header_sys_syslog_h=yes
ac_cv_header_sys_types_h=yes
ac_cv_header_sys_user_h=yes
ac_cv_header_time_h=yes
ac_cv_header_unistd_h=yes
ac_cv_lib_pthread_pthread_create=yes
ac_cv_objext=o
ac_cv_path_install='/usr/bin/install -c'
ac_cv_prog_CPP='gcc -E'
ac_cv_prog_ac_ct_CC=gcc
ac_cv_prog_cc_g=yes
ac_cv_prog_cc_stdc=
ac_cv_prog_egrep='grep -E'
ac_cv_prog_make_make_set=yes
ac_cv_type_pid_t=yes
ac_cv_type_size_t=yes

## ----------------- ##
## Output variables. ##
## ----------------- ##

ACLOCAL='/home/sarbaj/dev/sysdog-Jun-1-09/missing aclocal-1.4'
AUTOCONF='/home/sarbaj/dev/sysdog-Jun-1-09/missing autoconf'
AUTOHEADER='/home/sarbaj/dev/sysdog-Jun-1-09/missing autoheader'
AUTOMAKE='/home/sarbaj/dev/sysdog-Jun-1-09/missing automake-1.4'
CC='gcc'
CFLAGS='-g -O2'
CPP='gcc -E'
CPPFLAGS=''
DB_CFLAGS=''
DB_LIBS=''
DEFS=''
ECHO_C=''
ECHO_N='-n'
ECHO_T=''
EGREP='grep -E'
EXEEXT=''
INSTALL_DATA='${INSTALL} -m 644'
INSTALL_PROGRAM='${INSTALL}'
INSTALL_SCRIPT='${INSTALL}'
LDFLAGS=''
LIBOBJS=''
LIBS='-lpthread '
LTLIBOBJS=''
MAKEINFO='/home/sarbaj/dev/sysdog-Jun-1-09/missing makeinfo'
MYSQL_CONFIG='mysql_config'
OBJEXT='o'
PACKAGE='sldog'
PACKAGE_BUGREPORT=''
PACKAGE_NAME=''
PACKAGE_STRING=''
PACKAGE_TARNAME=''
PACKAGE_VERSION=''
PATH_SEPARATOR=':'
SET_MAKE=''
SHELL='/bin/bash'
VERSION='0.8.4'
ac_ct_CC='gcc'
bindir='${exec_prefix}/bin'
build_alias=''
datadir='${prefix}/share'
exec_prefix='NONE'
host_alias=''
includedir='${prefix}/include'
infodir='${prefix}/info'
libdir='${exec_prefix}/lib'
libexecdir='${exec_prefix}/libexec'
localstatedir='${prefix}/var'
mandir='${prefix}/man'
oldincludedir='/usr/include'
prefix='NONE'
program_transform_name='s,x,x,'
sbindir='${exec_prefix}/sbin'
sharedstatedir='${prefix}/com'
sysconfdir='${prefix}/etc'
target_alias=''

## ----------- ##
## confdefs.h. ##
## ----------- ##

#define HAVE_INTTYPES_H 1
#define HAVE_LIBPTHREAD 1
#define HAVE_MEMORY_H 1
#define HAVE_PTHREAD_H 1
#define HAVE_STDINT_H 1
#define HAVE_STDLIB_H 1
#define HAVE_STRINGS_H 1
#define HAVE_STRING_H 1
#define HAVE_STRING_H 1
#define HAVE_STRTOUL 1
#define HAVE_SYS_PTRACE_H 1
#define HAVE_SYS_STAT_H 1
#define HAVE_SYS_SYSLOG_H 1
#define HAVE_SYS_TYPES_H 1
#define HAVE_SYS_TYPES_H 1
#define HAVE_SYS_USER_H 1
#define HAVE_TIME_H 1
#define HAVE_UNISTD_H 1
#define HAVE_VPRINTF 1
#define PACKAGE "sldog"
#define PACKAGE_BUGREPORT ""
#define PACKAGE_NAME ""
#define PACKAGE_STRING ""
#define PACKAGE_TARNAME ""
#define PACKAGE_VERSION ""
#define STDC_HEADERS 1
#define VERSION "0.8.4"
#define _STORAGE_MYSQL 1

configure: exit 255
